<?xml version="1.0" encoding="UTF-8"?>
<!-- Generated by org.testng.reporters.JUnitXMLReporter -->
<testsuite ignored="0" hostname="LAPTOP-RJ73CUL4" failures="0" tests="2" name="Default test" time="0.082" errors="0" timestamp="2022-11-03T21:33:32 IST">
  <testcase classname="testData.verifyRoomespage" name="@BeforeTest lounchbrowser" time="-1.667491411993E9">
    <failure type="org.testng.TestNGException" message="
Parameter &amp;apos;browser&amp;apos; is required by BeforeTest on method lounchbrowser but has not been marked @Optional or defined
in C:\Users\YADNESH\AppData\Local\Temp\testng-eclipse--103376755\testng-customsuite.xml">
      <![CDATA[org.testng.TestNGException: 
Parameter 'browser' is required by BeforeTest on method lounchbrowser but has not been marked @Optional or defined
in C:\Users\YADNESH\AppData\Local\Temp\testng-eclipse--103376755\testng-customsuite.xml
at org.testng.internal.Parameters.createParams(Parameters.java:270)
at org.testng.internal.Parameters.createParametersForMethod(Parameters.java:358)
at org.testng.internal.Parameters.createParameters(Parameters.java:700)
at org.testng.internal.Parameters.createConfigurationParameters(Parameters.java:168)
at org.testng.internal.ConfigInvoker.invokeConfigurations(ConfigInvoker.java:302)
at org.testng.TestRunner.invokeTestConfigurations(TestRunner.java:637)
at org.testng.TestRunner.beforeRun(TestRunner.java:627)
at org.testng.TestRunner.run(TestRunner.java:589)
at org.testng.SuiteRunner.runTest(SuiteRunner.java:377)
at org.testng.SuiteRunner.runSequentially(SuiteRunner.java:371)
at org.testng.SuiteRunner.privateRun(SuiteRunner.java:332)
at org.testng.SuiteRunner.run(SuiteRunner.java:276)
at org.testng.SuiteRunnerWorker.runSuite(SuiteRunnerWorker.java:53)
at org.testng.SuiteRunnerWorker.run(SuiteRunnerWorker.java:96)
at org.testng.TestNG.runSuitesSequentially(TestNG.java:1212)
at org.testng.TestNG.runSuitesLocally(TestNG.java:1134)
at org.testng.TestNG.runSuites(TestNG.java:1063)
at org.testng.TestNG.run(TestNG.java:1031)
at org.testng.remote.AbstractRemoteTestNG.run(AbstractRemoteTestNG.java:115)
at org.testng.remote.RemoteTestNG.initAndRun(RemoteTestNG.java:251)
at org.testng.remote.RemoteTestNG.main(RemoteTestNG.java:77)
]]>
    </failure>
  </testcase> <!-- @BeforeTest lounchbrowser -->
  <testcase classname="testData.verifyRoomespage" name="@BeforeClass createPOMobjects" time="-1.667491412031E9">
    <skipped/>
  </testcase> <!-- @BeforeClass createPOMobjects -->
  <testcase classname="testData.verifyRoomespage" name="@BeforeMethod openRoomspage" time="-1.667491412046E9">
    <skipped/>
  </testcase> <!-- @BeforeMethod openRoomspage -->
  <testcase classname="testData.verifyRoomespage" name="@AfterMethod logouttoApplication" time="-1.667491412053E9">
    <skipped/>
  </testcase> <!-- @AfterMethod logouttoApplication -->
  <testcase classname="testData.verifyRoomespage" name="@BeforeMethod openRoomspage" time="-1.667491412056E9">
    <skipped/>
  </testcase> <!-- @BeforeMethod openRoomspage -->
  <testcase classname="testData.verifyRoomespage" name="@AfterMethod logouttoApplication" time="-1.667491412062E9">
    <skipped/>
  </testcase> <!-- @AfterMethod logouttoApplication -->
  <testcase classname="testData.verifyRoomespage" name="@AfterClass clearObject" time="-1.667491412064E9">
    <skipped/>
  </testcase> <!-- @AfterClass clearObject -->
  <testcase classname="testData.verifyRoomespage" name="@AfterTest closeBrowser" time="-1.667491412068E9">
    <skipped/>
  </testcase> <!-- @AfterTest closeBrowser -->
  <testcase classname="testData.verifyRoomespage" name="verifyreturngobackbtn" time="0.0">
    <skipped/>
  </testcase> <!-- verifyreturngobackbtn -->
  <testcase classname="testData.verifyRoomespage" name="verifyreturntoMessengerbtn" time="0.0">
    <skipped/>
  </testcase> <!-- verifyreturntoMessengerbtn -->
</testsuite> <!-- Default test -->
