<?xml version="1.0" encoding="UTF-8"?>
<!-- Generated by org.testng.reporters.JUnitXMLReporter -->
<testsuite ignored="0" hostname="LAPTOP-RJ73CUL4" failures="1" tests="4" name="ChromeTest" time="92.08" errors="0" timestamp="2022-11-04T00:40:26 IST">
  <testcase classname="testData.verifyRoomespage" name="@BeforeClass createPOMobjects" time="24.461">
    <failure type="org.openqa.selenium.NoSuchElementException" message="no such element: Unable to locate element: {&amp;quot;method&amp;quot;:&amp;quot;xpath&amp;quot;,&amp;quot;selector&amp;quot;:&amp;quot;//input[@id=&amp;apos;email&amp;apos;]&amp;quot;}
  (Session info: chrome=107.0.5304.88)
For documentation on this error, please visit: https://www.seleniumhq.org/exceptions/no_such_element.html
Build info: version: &amp;apos;3.141.59&amp;apos;, revision: &amp;apos;e82be7d358&amp;apos;, time: &amp;apos;2018-11-14T08:17:03&amp;apos;
System info: host: &amp;apos;LAPTOP-RJ73CUL4&amp;apos;, ip: &amp;apos;192.168.0.117&amp;apos;, os.name: &amp;apos;Windows 11&amp;apos;, os.arch: &amp;apos;amd64&amp;apos;, os.version: &amp;apos;10.0&amp;apos;, java.version: &amp;apos;17.0.3&amp;apos;
Driver info: org.openqa.selenium.chrome.ChromeDriver
Capabilities {acceptInsecureCerts: false, browserName: chrome, browserVersion: 107.0.5304.88, chrome: {chromedriverVersion: 106.0.5249.61 (511755355844..., userDataDir: C:\Users\YADNESH\AppData\Lo...}, goog:chromeOptions: {debuggerAddress: localhost:59719}, javascriptEnabled: true, networkConnectionEnabled: false, pageLoadStrategy: normal, platform: WINDOWS, platformName: WINDOWS, proxy: Proxy(), setWindowRect: true, strictFileInteractability: false, timeouts: {implicit: 0, pageLoad: 300000, script: 30000}, unhandledPromptBehavior: dismiss and notify, webauthn:extension:credBlob: true, webauthn:extension:largeBlob: true, webauthn:virtualAuthenticators: true}
Session ID: 906998814a1a55c9de59bc3a49ee89dc
*** Element info: {Using=xpath, value=//input[@id=&amp;apos;email&amp;apos;]}">
      <![CDATA[org.openqa.selenium.NoSuchElementException: no such element: Unable to locate element: {"method":"xpath","selector":"//input[@id='email']"}
  (Session info: chrome=107.0.5304.88)
For documentation on this error, please visit: https://www.seleniumhq.org/exceptions/no_such_element.html
Build info: version: '3.141.59', revision: 'e82be7d358', time: '2018-11-14T08:17:03'
System info: host: 'LAPTOP-RJ73CUL4', ip: '192.168.0.117', os.name: 'Windows 11', os.arch: 'amd64', os.version: '10.0', java.version: '17.0.3'
Driver info: org.openqa.selenium.chrome.ChromeDriver
Capabilities {acceptInsecureCerts: false, browserName: chrome, browserVersion: 107.0.5304.88, chrome: {chromedriverVersion: 106.0.5249.61 (511755355844..., userDataDir: C:\Users\YADNESH\AppData\Lo...}, goog:chromeOptions: {debuggerAddress: localhost:59719}, javascriptEnabled: true, networkConnectionEnabled: false, pageLoadStrategy: normal, platform: WINDOWS, platformName: WINDOWS, proxy: Proxy(), setWindowRect: true, strictFileInteractability: false, timeouts: {implicit: 0, pageLoad: 300000, script: 30000}, unhandledPromptBehavior: dismiss and notify, webauthn:extension:credBlob: true, webauthn:extension:largeBlob: true, webauthn:virtualAuthenticators: true}
Session ID: 906998814a1a55c9de59bc3a49ee89dc
*** Element info: {Using=xpath, value=//input[@id='email']}
at org.openqa.selenium.remote.http.W3CHttpResponseCodec.createException(W3CHttpResponseCodec.java:187)
at org.openqa.selenium.remote.http.W3CHttpResponseCodec.decode(W3CHttpResponseCodec.java:122)
at org.openqa.selenium.remote.http.W3CHttpResponseCodec.decode(W3CHttpResponseCodec.java:49)
at org.openqa.selenium.remote.HttpCommandExecutor.execute(HttpCommandExecutor.java:158)
at org.openqa.selenium.remote.service.DriverCommandExecutor.execute(DriverCommandExecutor.java:83)
at org.openqa.selenium.remote.RemoteWebDriver.execute(RemoteWebDriver.java:552)
at org.openqa.selenium.remote.RemoteWebDriver.findElement(RemoteWebDriver.java:323)
at org.openqa.selenium.remote.RemoteWebDriver.findElementByXPath(RemoteWebDriver.java:428)
at org.openqa.selenium.By$ByXPath.findElement(By.java:353)
at org.openqa.selenium.remote.RemoteWebDriver.findElement(RemoteWebDriver.java:315)
at org.openqa.selenium.support.pagefactory.DefaultElementLocator.findElement(DefaultElementLocator.java:69)
at org.openqa.selenium.support.pagefactory.internal.LocatingElementHandler.invoke(LocatingElementHandler.java:38)
at jdk.proxy2/jdk.proxy2.$Proxy17.sendKeys(Unknown Source)
at pages.Loginpage.sendUsername(Loginpage.java:30)
at testData.verifyRoomespage.createPOMobjects(verifyRoomespage.java:65)
at java.base/java.util.ArrayList.forEach(ArrayList.java:1511)
... Removed 30 stack frames]]>
    </failure>
  </testcase> <!-- @BeforeClass createPOMobjects -->
  <testcase classname="testData.verifyRoomespage" name="@BeforeMethod openRoomspage" time="-1.667502580343E9">
    <skipped/>
  </testcase> <!-- @BeforeMethod openRoomspage -->
  <testcase classname="testData.verifyRoomespage" name="@AfterMethod logouttoApplication" time="-1.667502580363E9">
    <skipped/>
  </testcase> <!-- @AfterMethod logouttoApplication -->
  <testcase classname="testData.verifyRoomespage" name="@BeforeMethod openRoomspage" time="-1.667502580368E9">
    <skipped/>
  </testcase> <!-- @BeforeMethod openRoomspage -->
  <testcase classname="testData.verifyRoomespage" name="@AfterMethod logouttoApplication" time="-1.667502580373E9">
    <skipped/>
  </testcase> <!-- @AfterMethod logouttoApplication -->
  <testcase classname="testData.verifyRoomespage" name="@AfterClass clearObject" time="-1.667502580373E9">
    <skipped/>
  </testcase> <!-- @AfterClass clearObject -->
  <testcase classname="testData.verifyRoomespage" name="verifyreturngobackbtn" time="0.0">
    <skipped/>
  </testcase> <!-- verifyreturngobackbtn -->
  <testcase classname="testData.verifyRoomespage" name="verifyreturntoMessengerbtn" time="0.0">
    <skipped/>
  </testcase> <!-- verifyreturntoMessengerbtn -->
  <testcase classname="testData.verifyHomepage" name="verifyreturngobackbtn" time="4.259">
    <failure type="java.lang.AssertionError" message="The following asserts failed:
	expected [https://www.messenger/help] but found [https://www.messenger.com/help],
	expected [Messenger Help] but found [Messenger Help Centre]">
      <![CDATA[java.lang.AssertionError: The following asserts failed:
expected [https://www.messenger/help] but found [https://www.messenger.com/help],
expected [Messenger Help] but found [Messenger Help Centre]
at testData.verifyHomepage.verifyreturngobackbtn(verifyHomepage.java:101)
at java.base/java.util.ArrayList.forEach(ArrayList.java:1511)
... Removed 29 stack frames]]>
    </failure>
  </testcase> <!-- verifyreturngobackbtn -->
  <testcase classname="testData.verifyHomepage" name="verifyreturntoMessengerbtn" time="5.886"/>
</testsuite> <!-- ChromeTest -->
